---------------------------------------------------------------
[ 2019-12-12T13:46:24+08:00 ] 127.0.0.1 GET /admin
[ info ] www.trainlive.com/admin [运行时间：0.225000s][吞吐率：4.44req/s] [内存消耗：1,798.44kb] [文件加载：63]
[ info ] [ CACHE ] INIT File
[ info ] [ BEHAVIOR ] Run cmf\behavior\InitHookBehavior @app_init [ RunTime:0.014000s ]
[ info ] [ LANG ] E:\www\trainlive\simplewind\thinkphp\lang\zh-cn.php
[ info ] [ ROUTE ] array (
  'type' => 'module',
  'module' => 
  array (
    0 => 'admin',
    1 => NULL,
    2 => NULL,
  ),
)
[ info ] [ HEADER ] array (
  'accept-language' => 'zh-CN,zh;q=0.9,en;q=0.8',
  'accept-encoding' => 'gzip, deflate',
  'accept' => 'text/html,application/xhtml+xml,application/xml;q=0.9,image/webp,image/apng,*/*;q=0.8,application/signed-exchange;v=b3',
  'user-agent' => 'Mozilla/5.0 (Windows NT 6.1; Win64; x64) AppleWebKit/537.36 (KHTML, like Gecko) Chrome/76.0.3809.132 Safari/537.36',
  'upgrade-insecure-requests' => '1',
  'connection' => 'close',
  'host' => 'www.trainlive.com',
)
[ info ] [ PARAM ] array (
)
[ info ] [ LANG ] E:\www\trainlive\public/../simplewind/cmf/lang\zh-cn.php
[ info ] [ LANG ] E:\www\trainlive\public/../app/admin\lang\zh-cn\common.php
[ info ] [ BEHAVIOR ] Run cmf\behavior\LangBehavior @app_begin [ RunTime:0.003000s ]
[ info ] [ LANG ] E:\www\trainlive\public/../app/admin\lang\zh-cn.php
[ info ] [ SESSION ] INIT array (
  'id' => '',
  'var_session_id' => '',
  'prefix' => 'think',
  'type' => '',
  'auto_start' => true,
)
[ info ] [ LANG ] E:\www\trainlive\public/../app/admin\lang\zh-cn\admin_menu.php
[ info ] [ LANG ] E:\www\trainlive\public/../app/admin\lang\zh-cn\admin.php
[ info ] [ LANG ] E:\www\trainlive\public/../app/user\lang\zh-cn\admin_menu.php
[ info ] [ LANG ] E:\www\trainlive\public/../data/lang/zh-cn/admin_menu.php
[ info ] [ BEHAVIOR ] Run cmf\behavior\AdminLangBehavior @admin_init [ RunTime:0.022000s ]
[ info ] [ LOG ] INIT File
---------------------------------------------------------------
[ 2019-12-12T13:46:24+08:00 ] 127.0.0.1 GET /admin/public/login.html
[ info ] www.trainlive.com/admin/public/login.html [运行时间：0.085000s][吞吐率：11.76req/s] [内存消耗：2,028.44kb] [文件加载：66]
[ info ] [ CACHE ] INIT File
[ info ] [ BEHAVIOR ] Run cmf\behavior\InitHookBehavior @app_init [ RunTime:0.005000s ]
[ info ] [ LANG ] E:\www\trainlive\simplewind\thinkphp\lang\zh-cn.php
[ info ] [ ROUTE ] array (
  'type' => 'module',
  'module' => 
  array (
    0 => 'admin',
    1 => 'public',
    2 => 'login',
  ),
)
[ info ] [ HEADER ] array (
  'cookie' => 'PHPSESSID=ve7q3hb8ct9la2mhrn37mjg720',
  'accept-language' => 'zh-CN,zh;q=0.9,en;q=0.8',
  'accept-encoding' => 'gzip, deflate',
  'accept' => 'text/html,application/xhtml+xml,application/xml;q=0.9,image/webp,image/apng,*/*;q=0.8,application/signed-exchange;v=b3',
  'user-agent' => 'Mozilla/5.0 (Windows NT 6.1; Win64; x64) AppleWebKit/537.36 (KHTML, like Gecko) Chrome/76.0.3809.132 Safari/537.36',
  'upgrade-insecure-requests' => '1',
  'connection' => 'close',
  'host' => 'www.trainlive.com',
)
[ info ] [ PARAM ] array (
)
[ info ] [ LANG ] E:\www\trainlive\public/../simplewind/cmf/lang\zh-cn.php
[ info ] [ LANG ] E:\www\trainlive\public/../app/admin\lang\zh-cn\common.php
[ info ] [ BEHAVIOR ] Run cmf\behavior\LangBehavior @app_begin [ RunTime:0.002000s ]
[ info ] [ LANG ] E:\www\trainlive\public/../app/admin\lang\zh-cn.php
[ info ] [ RUN ] app\admin\controller\PublicController->login[ E:\www\trainlive\app\admin\controller\PublicController.php ]
[ info ] [ SESSION ] INIT array (
  'id' => '',
  'var_session_id' => '',
  'prefix' => 'think',
  'type' => '',
  'auto_start' => true,
)
[ info ] [ VIEW ] themes/admin_simpleboot3/admin\\login.html [ array (
) ]
[ info ] [ LOG ] INIT File
---------------------------------------------------------------
[ 2019-12-12T13:46:24+08:00 ] 127.0.0.1 GET /static/admin-login/img/progress.gif
[ info ] www.trainlive.com/static/admin-login/img/progress.gif [运行时间：0.060000s][吞吐率：16.67req/s] [内存消耗：1,496.51kb] [文件加载：53]
[ info ] [ CACHE ] INIT File
[ info ] [ BEHAVIOR ] Run cmf\behavior\InitHookBehavior @app_init [ RunTime:0.004000s ]
[ info ] [ LANG ] E:\www\trainlive\simplewind\thinkphp\lang\zh-cn.php
[ info ] [ ROUTE ] array (
  'type' => 'module',
  'module' => 
  array (
    0 => 'static',
    1 => 'admin-login',
    2 => 'img',
  ),
)
[ info ] [ HEADER ] array (
  'cookie' => 'PHPSESSID=ve7q3hb8ct9la2mhrn37mjg720',
  'accept-language' => 'zh-CN,zh;q=0.9,en;q=0.8',
  'accept-encoding' => 'gzip, deflate',
  'referer' => 'http://www.trainlive.com/static/admin-login/css/supersized.css',
  'accept' => 'image/webp,image/apng,image/*,*/*;q=0.8',
  'user-agent' => 'Mozilla/5.0 (Windows NT 6.1; Win64; x64) AppleWebKit/537.36 (KHTML, like Gecko) Chrome/76.0.3809.132 Safari/537.36',
  'connection' => 'close',
  'host' => 'www.trainlive.com',
)
[ info ] [ PARAM ] array (
)
[ info ] [ LANG ] E:\www\trainlive\public/../simplewind/cmf/lang\zh-cn.php
[ info ] [ LANG ] E:\www\trainlive\public/../app/admin\lang\zh-cn\common.php
[ info ] [ BEHAVIOR ] Run cmf\behavior\LangBehavior @app_begin [ RunTime:0.002000s ]
[ info ] [ LOG ] INIT File
---------------------------------------------------------------
[ 2019-12-12T13:46:24+08:00 ] 127.0.0.1 GET /favicon.ico
[ info ] www.trainlive.com/favicon.ico [运行时间：0.035000s][吞吐率：28.57req/s] [内存消耗：1,496.27kb] [文件加载：53]
[ info ] [ CACHE ] INIT File
[ info ] [ BEHAVIOR ] Run cmf\behavior\InitHookBehavior @app_init [ RunTime:0.004000s ]
[ info ] [ LANG ] E:\www\trainlive\simplewind\thinkphp\lang\zh-cn.php
[ info ] [ ROUTE ] array (
  'type' => 'module',
  'module' => 
  array (
    0 => 'favicon.ico',
    1 => NULL,
    2 => NULL,
  ),
)
[ info ] [ HEADER ] array (
  'cookie' => 'PHPSESSID=ve7q3hb8ct9la2mhrn37mjg720',
  'accept-language' => 'zh-CN,zh;q=0.9,en;q=0.8',
  'accept-encoding' => 'gzip, deflate',
  'referer' => 'http://www.trainlive.com/admin/public/login.html',
  'accept' => 'image/webp,image/apng,image/*,*/*;q=0.8',
  'user-agent' => 'Mozilla/5.0 (Windows NT 6.1; Win64; x64) AppleWebKit/537.36 (KHTML, like Gecko) Chrome/76.0.3809.132 Safari/537.36',
  'connection' => 'close',
  'host' => 'www.trainlive.com',
)
[ info ] [ PARAM ] array (
)
[ info ] [ LANG ] E:\www\trainlive\public/../simplewind/cmf/lang\zh-cn.php
[ info ] [ LANG ] E:\www\trainlive\public/../app/admin\lang\zh-cn\common.php
[ info ] [ BEHAVIOR ] Run cmf\behavior\LangBehavior @app_begin [ RunTime:0.002000s ]
[ info ] [ LOG ] INIT File
---------------------------------------------------------------
[ 2019-12-12T13:46:28+08:00 ] 127.0.0.1 POST /admin/public/dologin.html
[ info ] www.trainlive.com/admin/public/dologin.html [运行时间：1.067000s][吞吐率：0.94req/s] [内存消耗：2,380.63kb] [文件加载：68]
[ info ] [ CACHE ] INIT File
[ info ] [ BEHAVIOR ] Run cmf\behavior\InitHookBehavior @app_init [ RunTime:0.004000s ]
[ info ] [ LANG ] E:\www\trainlive\simplewind\thinkphp\lang\zh-cn.php
[ info ] [ ROUTE ] array (
  'type' => 'module',
  'module' => 
  array (
    0 => 'admin',
    1 => 'public',
    2 => 'dologin',
  ),
)
[ info ] [ HEADER ] array (
  'cookie' => 'thinkphp_show_page_trace=0|0; PHPSESSID=ve7q3hb8ct9la2mhrn37mjg720',
  'accept-language' => 'zh-CN,zh;q=0.9,en;q=0.8',
  'accept-encoding' => 'gzip, deflate',
  'referer' => 'http://www.trainlive.com/admin/public/login.html',
  'content-type' => 'application/x-www-form-urlencoded; charset=UTF-8',
  'user-agent' => 'Mozilla/5.0 (Windows NT 6.1; Win64; x64) AppleWebKit/537.36 (KHTML, like Gecko) Chrome/76.0.3809.132 Safari/537.36',
  'x-requested-with' => 'XMLHttpRequest',
  'origin' => 'http://www.trainlive.com',
  'accept' => 'application/json, text/javascript, */*; q=0.01',
  'content-length' => '32',
  'connection' => 'close',
  'host' => 'www.trainlive.com',
)
[ info ] [ PARAM ] array (
  'username' => 'admin',
  'password' => 'admin123',
)
[ info ] [ LANG ] E:\www\trainlive\public/../simplewind/cmf/lang\zh-cn.php
[ info ] [ LANG ] E:\www\trainlive\public/../app/admin\lang\zh-cn\common.php
[ info ] [ BEHAVIOR ] Run cmf\behavior\LangBehavior @app_begin [ RunTime:0.002000s ]
[ info ] [ LANG ] E:\www\trainlive\public/../app/admin\lang\zh-cn.php
[ info ] [ RUN ] app\admin\controller\PublicController->doLogin[ E:\www\trainlive\app\admin\controller\PublicController.php ]
[ info ] [ DB ] INIT mysql
[ info ] [ SESSION ] INIT array (
  'id' => '',
  'var_session_id' => '',
  'prefix' => 'think',
  'type' => '',
  'auto_start' => true,
)
[ info ] [ LOG ] INIT File
[ sql ] [ DB ] CONNECT:[ UseTime:0.203000s ] mysql:host=62.234.18.3;port=3306;dbname=hczb_iws365_com;charset=utf8
[ sql ] [ SQL ] SHOW COLUMNS FROM `cmf_admin` [ RunTime:0.139000s ]
[ sql ] [ SQL ] SELECT * FROM `cmf_admin` WHERE  `user_login` = 'admin' LIMIT 1 [ RunTime:0.099000s ]
[ sql ] [ SQL ] SHOW COLUMNS FROM `cmf_role_user` [ RunTime:0.098000s ]
[ sql ] [ SQL ] SELECT `role_id` FROM `cmf_role_user` `a` INNER JOIN `cmf_role` `b` ON `a`.`role_id`=`b`.`id` WHERE  `user_id` = 1  AND `status` = 1 LIMIT 1 [ RunTime:0.098000s ]
[ sql ] [ SQL ] SHOW COLUMNS FROM `cmf_user_token` [ RunTime:0.098000s ]
[ sql ] [ SQL ] SELECT * FROM `cmf_user_token` WHERE  `user_id` = 1  AND `device_type` = 'web' LIMIT 1 [ RunTime:0.099000s ]
[ sql ] [ SQL ] UPDATE `cmf_admin`  SET `user_type`=1,`sex`=1,`birthday`=604771200,`last_login_time`=1576129588,`score`=0,`coin`=0,`balance`=0,`create_time`=1520250387,`user_status`=1,`user_login`='admin',`user_pass`='###65e462e8de559b105d791ca8e1215e45',`user_nickname`='admin',`user_email`='test@qq.com',`user_url`='',`avatar`='',`signature`='',`last_login_ip`='127.0.0.1',`user_activation_key`='',`mobile`='',`more`=NULL  WHERE  `id` = 1 [ RunTime:0.175000s ]
---------------------------------------------------------------
[ 2019-12-12T13:46:30+08:00 ] 127.0.0.1 GET /admin/index/index.html
[ info ] www.trainlive.com/admin/index/index.html [运行时间：0.469000s][吞吐率：2.13req/s] [内存消耗：2,952.30kb] [文件加载：78]
[ info ] [ CACHE ] INIT File
[ info ] [ BEHAVIOR ] Run cmf\behavior\InitHookBehavior @app_init [ RunTime:0.004000s ]
[ info ] [ LANG ] E:\www\trainlive\simplewind\thinkphp\lang\zh-cn.php
[ info ] [ ROUTE ] array (
  'type' => 'module',
  'module' => 
  array (
    0 => 'admin',
    1 => 'index',
    2 => 'index',
  ),
)
[ info ] [ HEADER ] array (
  'cookie' => 'PHPSESSID=ve7q3hb8ct9la2mhrn37mjg720; admin_username=admin',
  'accept-language' => 'zh-CN,zh;q=0.9,en;q=0.8',
  'accept-encoding' => 'gzip, deflate',
  'referer' => 'http://www.trainlive.com/admin/public/login.html',
  'accept' => 'text/html,application/xhtml+xml,application/xml;q=0.9,image/webp,image/apng,*/*;q=0.8,application/signed-exchange;v=b3',
  'user-agent' => 'Mozilla/5.0 (Windows NT 6.1; Win64; x64) AppleWebKit/537.36 (KHTML, like Gecko) Chrome/76.0.3809.132 Safari/537.36',
  'upgrade-insecure-requests' => '1',
  'connection' => 'close',
  'host' => 'www.trainlive.com',
)
[ info ] [ PARAM ] array (
)
[ info ] [ LANG ] E:\www\trainlive\public/../simplewind/cmf/lang\zh-cn.php
[ info ] [ LANG ] E:\www\trainlive\public/../app/admin\lang\zh-cn\common.php
[ info ] [ BEHAVIOR ] Run cmf\behavior\LangBehavior @app_begin [ RunTime:0.002000s ]
[ info ] [ LANG ] E:\www\trainlive\public/../app/admin\lang\zh-cn.php
[ info ] [ SESSION ] INIT array (
  'id' => '',
  'var_session_id' => '',
  'prefix' => 'think',
  'type' => '',
  'auto_start' => true,
)
[ info ] [ LANG ] E:\www\trainlive\public/../app/admin\lang\zh-cn\admin_menu.php
[ info ] [ LANG ] E:\www\trainlive\public/../app/admin\lang\zh-cn\admin.php
[ info ] [ LANG ] E:\www\trainlive\public/../app/user\lang\zh-cn\admin_menu.php
[ info ] [ LANG ] E:\www\trainlive\public/../data/lang/zh-cn/admin_menu.php
[ info ] [ BEHAVIOR ] Run cmf\behavior\AdminLangBehavior @admin_init [ RunTime:0.004000s ]
[ info ] [ DB ] INIT mysql
[ info ] [ RUN ] app\admin\controller\IndexController->index[ E:\www\trainlive\app\admin\controller\IndexController.php ]
[ info ] [ VIEW ] themes/admin_simpleboot3/admin\index\index.html [ array (
  0 => 'admin',
  1 => 'menus',
) ]
[ info ] [ LOG ] INIT File
[ sql ] [ DB ] CONNECT:[ UseTime:0.151000s ] mysql:host=62.234.18.3;port=3306;dbname=hczb_iws365_com;charset=utf8
[ sql ] [ SQL ] SHOW COLUMNS FROM `cmf_admin` [ RunTime:0.100000s ]
[ sql ] [ SQL ] SELECT * FROM `cmf_admin` WHERE  `id` = 1 LIMIT 1 [ RunTime:0.099000s ]
---------------------------------------------------------------
[ 2019-12-12T13:46:30+08:00 ] 127.0.0.1 GET /admin/main/index.html
[ info ] www.trainlive.com/admin/main/index.html [运行时间：0.448000s][吞吐率：2.23req/s] [内存消耗：2,644.10kb] [文件加载：76]
[ info ] [ CACHE ] INIT File
[ info ] [ BEHAVIOR ] Run cmf\behavior\InitHookBehavior @app_init [ RunTime:0.004000s ]
[ info ] [ LANG ] E:\www\trainlive\simplewind\thinkphp\lang\zh-cn.php
[ info ] [ ROUTE ] array (
  'type' => 'module',
  'module' => 
  array (
    0 => 'admin',
    1 => 'main',
    2 => 'index',
  ),
)
[ info ] [ HEADER ] array (
  'cookie' => 'PHPSESSID=ve7q3hb8ct9la2mhrn37mjg720; admin_username=admin',
  'accept-language' => 'zh-CN,zh;q=0.9,en;q=0.8',
  'accept-encoding' => 'gzip, deflate',
  'referer' => 'http://www.trainlive.com/admin/index/index.html',
  'accept' => 'text/html,application/xhtml+xml,application/xml;q=0.9,image/webp,image/apng,*/*;q=0.8,application/signed-exchange;v=b3',
  'user-agent' => 'Mozilla/5.0 (Windows NT 6.1; Win64; x64) AppleWebKit/537.36 (KHTML, like Gecko) Chrome/76.0.3809.132 Safari/537.36',
  'upgrade-insecure-requests' => '1',
  'connection' => 'close',
  'host' => 'www.trainlive.com',
)
[ info ] [ PARAM ] array (
)
[ info ] [ LANG ] E:\www\trainlive\public/../simplewind/cmf/lang\zh-cn.php
[ info ] [ LANG ] E:\www\trainlive\public/../app/admin\lang\zh-cn\common.php
[ info ] [ BEHAVIOR ] Run cmf\behavior\LangBehavior @app_begin [ RunTime:0.002000s ]
[ info ] [ LANG ] E:\www\trainlive\public/../app/admin\lang\zh-cn.php
[ info ] [ LANG ] E:\www\trainlive\public/../app/admin\lang\zh-cn\admin_menu.php
[ info ] [ LANG ] E:\www\trainlive\public/../app/admin\lang\zh-cn\admin.php
[ info ] [ LANG ] E:\www\trainlive\public/../app/user\lang\zh-cn\admin_menu.php
[ info ] [ LANG ] E:\www\trainlive\public/../data/lang/zh-cn/admin_menu.php
[ info ] [ BEHAVIOR ] Run cmf\behavior\AdminLangBehavior @admin_init [ RunTime:0.003000s ]
[ info ] [ SESSION ] INIT array (
  'id' => '',
  'var_session_id' => '',
  'prefix' => 'think',
  'type' => '',
  'auto_start' => true,
)
[ info ] [ DB ] INIT mysql
[ info ] [ RUN ] app\admin\controller\MainController->index[ E:\www\trainlive\app\admin\controller\MainController.php ]
[ info ] [ VIEW ] themes/admin_simpleboot3/admin\main\index.html [ array (
  0 => 'admin',
  1 => 'dashboard_widgets',
  2 => 'dashboard_widget_plugins',
  3 => 'has_smtp_setting',
) ]
[ info ] [ LOG ] INIT File
[ sql ] [ DB ] CONNECT:[ UseTime:0.155000s ] mysql:host=62.234.18.3;port=3306;dbname=hczb_iws365_com;charset=utf8
[ sql ] [ SQL ] SHOW COLUMNS FROM `cmf_admin` [ RunTime:0.104000s ]
[ sql ] [ SQL ] SELECT * FROM `cmf_admin` WHERE  `id` = 1 LIMIT 1 [ RunTime:0.103000s ]
---------------------------------------------------------------
[ 2019-12-12T13:46:34+08:00 ] 127.0.0.1 GET /Admin/course/index.html
[ info ] www.trainlive.com/Admin/course/index.html [运行时间：0.724000s][吞吐率：1.38req/s] [内存消耗：2,957.47kb] [文件加载：81]
[ info ] [ CACHE ] INIT File
[ info ] [ BEHAVIOR ] Run cmf\behavior\InitHookBehavior @app_init [ RunTime:0.004000s ]
[ info ] [ LANG ] E:\www\trainlive\simplewind\thinkphp\lang\zh-cn.php
[ info ] [ ROUTE ] array (
  'type' => 'module',
  'module' => 
  array (
    0 => 'Admin',
    1 => 'course',
    2 => 'index',
  ),
)
[ info ] [ HEADER ] array (
  'cookie' => 'PHPSESSID=ve7q3hb8ct9la2mhrn37mjg720; admin_username=admin',
  'accept-language' => 'zh-CN,zh;q=0.9,en;q=0.8',
  'accept-encoding' => 'gzip, deflate',
  'referer' => 'http://www.trainlive.com/admin/index/index.html',
  'accept' => 'text/html,application/xhtml+xml,application/xml;q=0.9,image/webp,image/apng,*/*;q=0.8,application/signed-exchange;v=b3',
  'user-agent' => 'Mozilla/5.0 (Windows NT 6.1; Win64; x64) AppleWebKit/537.36 (KHTML, like Gecko) Chrome/76.0.3809.132 Safari/537.36',
  'upgrade-insecure-requests' => '1',
  'connection' => 'close',
  'host' => 'www.trainlive.com',
)
[ info ] [ PARAM ] array (
)
[ info ] [ LANG ] E:\www\trainlive\public/../simplewind/cmf/lang\zh-cn.php
[ info ] [ LANG ] E:\www\trainlive\public/../app/admin\lang\zh-cn\common.php
[ info ] [ BEHAVIOR ] Run cmf\behavior\LangBehavior @app_begin [ RunTime:0.002000s ]
[ info ] [ LANG ] E:\www\trainlive\public/../app/admin\lang\zh-cn.php
[ info ] [ LANG ] E:\www\trainlive\public/../app/admin\lang\zh-cn\admin_menu.php
[ info ] [ LANG ] E:\www\trainlive\public/../app/admin\lang\zh-cn\admin.php
[ info ] [ LANG ] E:\www\trainlive\public/../app/user\lang\zh-cn\admin_menu.php
[ info ] [ LANG ] E:\www\trainlive\public/../data/lang/zh-cn/admin_menu.php
[ info ] [ BEHAVIOR ] Run cmf\behavior\AdminLangBehavior @admin_init [ RunTime:0.004000s ]
[ info ] [ SESSION ] INIT array (
  'id' => '',
  'var_session_id' => '',
  'prefix' => 'think',
  'type' => '',
  'auto_start' => true,
)
[ info ] [ DB ] INIT mysql
[ info ] [ RUN ] app\admin\controller\CourseController->index[ E:\www\trainlive\app\admin\controller\CourseController.php ]
[ info ] [ VIEW ] themes/admin_simpleboot3/admin\course\index.html [ array (
  0 => 'admin',
  1 => 'keyword',
  2 => 'lists',
  3 => 'page',
) ]
[ info ] [ LOG ] INIT File
[ sql ] [ DB ] CONNECT:[ UseTime:0.149000s ] mysql:host=62.234.18.3;port=3306;dbname=hczb_iws365_com;charset=utf8
[ sql ] [ SQL ] SHOW COLUMNS FROM `cmf_admin` [ RunTime:0.099000s ]
[ sql ] [ SQL ] SELECT * FROM `cmf_admin` WHERE  `id` = 1 LIMIT 1 [ RunTime:0.100000s ]
[ sql ] [ SQL ] SHOW COLUMNS FROM `cmf_course` [ RunTime:0.099000s ]
[ sql ] [ SQL ] SELECT COUNT(*) AS tp_count FROM `cmf_course` WHERE  `course_id` > 0 LIMIT 1 [ RunTime:0.099000s ]
[ sql ] [ SQL ] SELECT * FROM `cmf_course` WHERE  `course_id` > 0 ORDER BY course_id DESC LIMIT 0,10 [ RunTime:0.099000s ]
---------------------------------------------------------------
[ 2019-12-12T13:46:39+08:00 ] 127.0.0.1 GET /admin/hook/index.html
[ info ] www.trainlive.com/admin/hook/index.html [运行时间：0.639000s][吞吐率：1.56req/s] [内存消耗：2,959.43kb] [文件加载：79]
[ info ] [ CACHE ] INIT File
[ info ] [ BEHAVIOR ] Run cmf\behavior\InitHookBehavior @app_init [ RunTime:0.003000s ]
[ info ] [ LANG ] E:\www\trainlive\simplewind\thinkphp\lang\zh-cn.php
[ info ] [ ROUTE ] array (
  'type' => 'module',
  'module' => 
  array (
    0 => 'admin',
    1 => 'hook',
    2 => 'index',
  ),
)
[ info ] [ HEADER ] array (
  'cookie' => 'PHPSESSID=ve7q3hb8ct9la2mhrn37mjg720; admin_username=admin',
  'accept-language' => 'zh-CN,zh;q=0.9,en;q=0.8',
  'accept-encoding' => 'gzip, deflate',
  'referer' => 'http://www.trainlive.com/admin/index/index.html',
  'accept' => 'text/html,application/xhtml+xml,application/xml;q=0.9,image/webp,image/apng,*/*;q=0.8,application/signed-exchange;v=b3',
  'user-agent' => 'Mozilla/5.0 (Windows NT 6.1; Win64; x64) AppleWebKit/537.36 (KHTML, like Gecko) Chrome/76.0.3809.132 Safari/537.36',
  'upgrade-insecure-requests' => '1',
  'connection' => 'close',
  'host' => 'www.trainlive.com',
)
[ info ] [ PARAM ] array (
)
[ info ] [ LANG ] E:\www\trainlive\public/../simplewind/cmf/lang\zh-cn.php
[ info ] [ LANG ] E:\www\trainlive\public/../app/admin\lang\zh-cn\common.php
[ info ] [ BEHAVIOR ] Run cmf\behavior\LangBehavior @app_begin [ RunTime:0.002000s ]
[ info ] [ LANG ] E:\www\trainlive\public/../app/admin\lang\zh-cn.php
[ info ] [ LANG ] E:\www\trainlive\public/../app/admin\lang\zh-cn\admin_menu.php
[ info ] [ LANG ] E:\www\trainlive\public/../app/admin\lang\zh-cn\admin.php
[ info ] [ LANG ] E:\www\trainlive\public/../app/user\lang\zh-cn\admin_menu.php
[ info ] [ LANG ] E:\www\trainlive\public/../data/lang/zh-cn/admin_menu.php
[ info ] [ BEHAVIOR ] Run cmf\behavior\AdminLangBehavior @admin_init [ RunTime:0.004000s ]
[ info ] [ SESSION ] INIT array (
  'id' => '',
  'var_session_id' => '',
  'prefix' => 'think',
  'type' => '',
  'auto_start' => true,
)
[ info ] [ DB ] INIT mysql
[ info ] [ RUN ] app\admin\controller\HookController->index[ E:\www\trainlive\app\admin\controller\HookController.php ]
[ info ] [ VIEW ] themes/admin_simpleboot3/admin\hook\index.html [ array (
  0 => 'admin',
  1 => 'hooks',
) ]
[ info ] [ LOG ] INIT File
[ sql ] [ DB ] CONNECT:[ UseTime:0.152000s ] mysql:host=62.234.18.3;port=3306;dbname=hczb_iws365_com;charset=utf8
[ sql ] [ SQL ] SHOW COLUMNS FROM `cmf_admin` [ RunTime:0.102000s ]
[ sql ] [ SQL ] SELECT * FROM `cmf_admin` WHERE  `id` = 1 LIMIT 1 [ RunTime:0.101000s ]
[ sql ] [ SQL ] SHOW COLUMNS FROM `cmf_hook` [ RunTime:0.102000s ]
[ sql ] [ SQL ] SELECT * FROM `cmf_hook` [ RunTime:0.101000s ]
---------------------------------------------------------------
[ 2019-12-12T13:46:42+08:00 ] 127.0.0.1 GET /admin/plugin/index.html
[ info ] www.trainlive.com/admin/plugin/index.html [运行时间：1.322000s][吞吐率：0.76req/s] [内存消耗：3,021.56kb] [文件加载：91]
[ info ] [ CACHE ] INIT File
[ info ] [ BEHAVIOR ] Run cmf\behavior\InitHookBehavior @app_init [ RunTime:0.004000s ]
[ info ] [ LANG ] E:\www\trainlive\simplewind\thinkphp\lang\zh-cn.php
[ info ] [ ROUTE ] array (
  'type' => 'module',
  'module' => 
  array (
    0 => 'admin',
    1 => 'plugin',
    2 => 'index',
  ),
)
[ info ] [ HEADER ] array (
  'cookie' => 'PHPSESSID=ve7q3hb8ct9la2mhrn37mjg720; admin_username=admin',
  'accept-language' => 'zh-CN,zh;q=0.9,en;q=0.8',
  'accept-encoding' => 'gzip, deflate',
  'referer' => 'http://www.trainlive.com/admin/index/index.html',
  'accept' => 'text/html,application/xhtml+xml,application/xml;q=0.9,image/webp,image/apng,*/*;q=0.8,application/signed-exchange;v=b3',
  'user-agent' => 'Mozilla/5.0 (Windows NT 6.1; Win64; x64) AppleWebKit/537.36 (KHTML, like Gecko) Chrome/76.0.3809.132 Safari/537.36',
  'upgrade-insecure-requests' => '1',
  'connection' => 'close',
  'host' => 'www.trainlive.com',
)
[ info ] [ PARAM ] array (
)
[ info ] [ LANG ] E:\www\trainlive\public/../simplewind/cmf/lang\zh-cn.php
[ info ] [ LANG ] E:\www\trainlive\public/../app/admin\lang\zh-cn\common.php
[ info ] [ BEHAVIOR ] Run cmf\behavior\LangBehavior @app_begin [ RunTime:0.003000s ]
[ info ] [ LANG ] E:\www\trainlive\public/../app/admin\lang\zh-cn.php
[ info ] [ LANG ] E:\www\trainlive\public/../app/admin\lang\zh-cn\admin_menu.php
[ info ] [ LANG ] E:\www\trainlive\public/../app/admin\lang\zh-cn\admin.php
[ info ] [ LANG ] E:\www\trainlive\public/../app/user\lang\zh-cn\admin_menu.php
[ info ] [ LANG ] E:\www\trainlive\public/../data/lang/zh-cn/admin_menu.php
[ info ] [ BEHAVIOR ] Run cmf\behavior\AdminLangBehavior @admin_init [ RunTime:0.003000s ]
[ info ] [ SESSION ] INIT array (
  'id' => '',
  'var_session_id' => '',
  'prefix' => 'think',
  'type' => '',
  'auto_start' => true,
)
[ info ] [ DB ] INIT mysql
[ info ] [ RUN ] app\admin\controller\PluginController->index[ E:\www\trainlive\app\admin\controller\PluginController.php ]
[ info ] [ LANG ] E:\www\trainlive\public/plugins/demo/lang/zh-cn.php
[ info ] [ VIEW ] themes/admin_simpleboot3/admin\plugin\index.html [ array (
  0 => 'admin',
  1 => 'plugins',
) ]
[ info ] [ LOG ] INIT File
[ sql ] [ DB ] CONNECT:[ UseTime:0.155000s ] mysql:host=62.234.18.3;port=3306;dbname=hczb_iws365_com;charset=utf8
[ sql ] [ SQL ] SHOW COLUMNS FROM `cmf_admin` [ RunTime:0.105000s ]
[ sql ] [ SQL ] SELECT * FROM `cmf_admin` WHERE  `id` = 1 LIMIT 1 [ RunTime:0.103000s ]
[ sql ] [ SQL ] SHOW COLUMNS FROM `cmf_plugin` [ RunTime:0.103000s ]
[ sql ] [ SQL ] SELECT * FROM `cmf_plugin` [ RunTime:0.103000s ]
[ sql ] [ SQL ] SELECT `config` FROM `cmf_plugin` WHERE  `name` = 'CustomAdminLogin' LIMIT 1 [ RunTime:0.103000s ]
[ sql ] [ SQL ] SELECT `config` FROM `cmf_plugin` WHERE  `name` = 'Demo' LIMIT 1 [ RunTime:0.103000s ]
[ sql ] [ SQL ] SELECT `config` FROM `cmf_plugin` WHERE  `name` = 'Qiniu' LIMIT 1 [ RunTime:0.102000s ]
[ sql ] [ SQL ] SELECT `config` FROM `cmf_plugin` WHERE  `name` = 'SwitchAdminThemeDemo' LIMIT 1 [ RunTime:0.102000s ]
[ sql ] [ SQL ] SELECT `config` FROM `cmf_plugin` WHERE  `name` = 'SwitchThemeDemo' LIMIT 1 [ RunTime:0.103000s ]
[ sql ] [ SQL ] SELECT `config` FROM `cmf_plugin` WHERE  `name` = 'Wxapp' LIMIT 1 [ RunTime:0.103000s ]
---------------------------------------------------------------
[ 2019-12-12T13:47:07+08:00 ] 127.0.0.1 GET /admin/plugin/setting/id/3.html
[ info ] www.trainlive.com/admin/plugin/setting/id/3.html [运行时间：0.740000s][吞吐率：1.35req/s] [内存消耗：3,024.51kb] [文件加载：81]
[ info ] [ CACHE ] INIT File
[ info ] [ BEHAVIOR ] Run cmf\behavior\InitHookBehavior @app_init [ RunTime:0.004000s ]
[ info ] [ LANG ] E:\www\trainlive\simplewind\thinkphp\lang\zh-cn.php
[ info ] [ ROUTE ] array (
  'type' => 'module',
  'module' => 
  array (
    0 => 'admin',
    1 => 'plugin',
    2 => 'setting',
  ),
)
[ info ] [ HEADER ] array (
  'cookie' => 'thinkphp_show_page_trace=0|0; PHPSESSID=ve7q3hb8ct9la2mhrn37mjg720; admin_username=admin',
  'accept-language' => 'zh-CN,zh;q=0.9,en;q=0.8',
  'accept-encoding' => 'gzip, deflate',
  'referer' => 'http://www.trainlive.com/admin/plugin/index.html',
  'accept' => 'text/html,application/xhtml+xml,application/xml;q=0.9,image/webp,image/apng,*/*;q=0.8,application/signed-exchange;v=b3',
  'user-agent' => 'Mozilla/5.0 (Windows NT 6.1; Win64; x64) AppleWebKit/537.36 (KHTML, like Gecko) Chrome/76.0.3809.132 Safari/537.36',
  'upgrade-insecure-requests' => '1',
  'connection' => 'close',
  'host' => 'www.trainlive.com',
)
[ info ] [ PARAM ] array (
  'id' => '3',
)
[ info ] [ LANG ] E:\www\trainlive\public/../simplewind/cmf/lang\zh-cn.php
[ info ] [ LANG ] E:\www\trainlive\public/../app/admin\lang\zh-cn\common.php
[ info ] [ BEHAVIOR ] Run cmf\behavior\LangBehavior @app_begin [ RunTime:0.003000s ]
[ info ] [ LANG ] E:\www\trainlive\public/../app/admin\lang\zh-cn.php
[ info ] [ LANG ] E:\www\trainlive\public/../app/admin\lang\zh-cn\admin_menu.php
[ info ] [ LANG ] E:\www\trainlive\public/../app/admin\lang\zh-cn\admin.php
[ info ] [ LANG ] E:\www\trainlive\public/../app/user\lang\zh-cn\admin_menu.php
[ info ] [ LANG ] E:\www\trainlive\public/../data/lang/zh-cn/admin_menu.php
[ info ] [ BEHAVIOR ] Run cmf\behavior\AdminLangBehavior @admin_init [ RunTime:0.003000s ]
[ info ] [ SESSION ] INIT array (
  'id' => '',
  'var_session_id' => '',
  'prefix' => 'think',
  'type' => '',
  'auto_start' => true,
)
[ info ] [ DB ] INIT mysql
[ info ] [ RUN ] app\admin\controller\PluginController->setting[ E:\www\trainlive\app\admin\controller\PluginController.php ]
[ info ] [ VIEW ] themes/admin_simpleboot3/admin\plugin\setting.html [ array (
  0 => 'admin',
  1 => 'data',
  2 => 'id',
) ]
[ info ] [ LOG ] INIT File
[ sql ] [ DB ] CONNECT:[ UseTime:0.148000s ] mysql:host=62.234.18.3;port=3306;dbname=hczb_iws365_com;charset=utf8
[ sql ] [ SQL ] SHOW COLUMNS FROM `cmf_admin` [ RunTime:0.098000s ]
[ sql ] [ SQL ] SELECT * FROM `cmf_admin` WHERE  `id` = 1 LIMIT 1 [ RunTime:0.099000s ]
[ sql ] [ SQL ] SHOW COLUMNS FROM `cmf_plugin` [ RunTime:0.099000s ]
[ sql ] [ SQL ] SELECT * FROM `cmf_plugin` WHERE  `id` = 3 LIMIT 1 [ RunTime:0.098000s ]
[ sql ] [ SQL ] SELECT `config` FROM `cmf_plugin` WHERE  `name` = 'MobileCodeDemo' LIMIT 1 [ RunTime:0.098000s ]
---------------------------------------------------------------
[ 2019-12-12T13:47:12+08:00 ] 127.0.0.1 GET /admin/plugin/index.html
[ info ] www.trainlive.com/admin/plugin/index.html [运行时间：1.261000s][吞吐率：0.79req/s] [内存消耗：3,021.72kb] [文件加载：91]
[ info ] [ CACHE ] INIT File
[ info ] [ BEHAVIOR ] Run cmf\behavior\InitHookBehavior @app_init [ RunTime:0.004000s ]
[ info ] [ LANG ] E:\www\trainlive\simplewind\thinkphp\lang\zh-cn.php
[ info ] [ ROUTE ] array (
  'type' => 'module',
  'module' => 
  array (
    0 => 'admin',
    1 => 'plugin',
    2 => 'index',
  ),
)
[ info ] [ HEADER ] array (
  'cookie' => 'thinkphp_show_page_trace=0|0; PHPSESSID=ve7q3hb8ct9la2mhrn37mjg720; admin_username=admin',
  'accept-language' => 'zh-CN,zh;q=0.9,en;q=0.8',
  'accept-encoding' => 'gzip, deflate',
  'referer' => 'http://www.trainlive.com/admin/index/index.html',
  'accept' => 'text/html,application/xhtml+xml,application/xml;q=0.9,image/webp,image/apng,*/*;q=0.8,application/signed-exchange;v=b3',
  'user-agent' => 'Mozilla/5.0 (Windows NT 6.1; Win64; x64) AppleWebKit/537.36 (KHTML, like Gecko) Chrome/76.0.3809.132 Safari/537.36',
  'upgrade-insecure-requests' => '1',
  'connection' => 'close',
  'host' => 'www.trainlive.com',
)
[ info ] [ PARAM ] array (
)
[ info ] [ LANG ] E:\www\trainlive\public/../simplewind/cmf/lang\zh-cn.php
[ info ] [ LANG ] E:\www\trainlive\public/../app/admin\lang\zh-cn\common.php
[ info ] [ BEHAVIOR ] Run cmf\behavior\LangBehavior @app_begin [ RunTime:0.002000s ]
[ info ] [ LANG ] E:\www\trainlive\public/../app/admin\lang\zh-cn.php
[ info ] [ LANG ] E:\www\trainlive\public/../app/admin\lang\zh-cn\admin_menu.php
[ info ] [ LANG ] E:\www\trainlive\public/../app/admin\lang\zh-cn\admin.php
[ info ] [ LANG ] E:\www\trainlive\public/../app/user\lang\zh-cn\admin_menu.php
[ info ] [ LANG ] E:\www\trainlive\public/../data/lang/zh-cn/admin_menu.php
[ info ] [ BEHAVIOR ] Run cmf\behavior\AdminLangBehavior @admin_init [ RunTime:0.003000s ]
[ info ] [ SESSION ] INIT array (
  'id' => '',
  'var_session_id' => '',
  'prefix' => 'think',
  'type' => '',
  'auto_start' => true,
)
[ info ] [ DB ] INIT mysql
[ info ] [ RUN ] app\admin\controller\PluginController->index[ E:\www\trainlive\app\admin\controller\PluginController.php ]
[ info ] [ LANG ] E:\www\trainlive\public/plugins/demo/lang/zh-cn.php
[ info ] [ VIEW ] themes/admin_simpleboot3/admin\plugin\index.html [ array (
  0 => 'admin',
  1 => 'plugins',
) ]
[ info ] [ LOG ] INIT File
[ sql ] [ DB ] CONNECT:[ UseTime:0.156000s ] mysql:host=62.234.18.3;port=3306;dbname=hczb_iws365_com;charset=utf8
[ sql ] [ SQL ] SHOW COLUMNS FROM `cmf_admin` [ RunTime:0.104000s ]
[ sql ] [ SQL ] SELECT * FROM `cmf_admin` WHERE  `id` = 1 LIMIT 1 [ RunTime:0.104000s ]
[ sql ] [ SQL ] SHOW COLUMNS FROM `cmf_plugin` [ RunTime:0.105000s ]
[ sql ] [ SQL ] SELECT * FROM `cmf_plugin` [ RunTime:0.103000s ]
[ sql ] [ SQL ] SELECT `config` FROM `cmf_plugin` WHERE  `name` = 'CustomAdminLogin' LIMIT 1 [ RunTime:0.103000s ]
[ sql ] [ SQL ] SELECT `config` FROM `cmf_plugin` WHERE  `name` = 'Demo' LIMIT 1 [ RunTime:0.103000s ]
[ sql ] [ SQL ] SELECT `config` FROM `cmf_plugin` WHERE  `name` = 'Qiniu' LIMIT 1 [ RunTime:0.103000s ]
[ sql ] [ SQL ] SELECT `config` FROM `cmf_plugin` WHERE  `name` = 'SwitchAdminThemeDemo' LIMIT 1 [ RunTime:0.103000s ]
[ sql ] [ SQL ] SELECT `config` FROM `cmf_plugin` WHERE  `name` = 'SwitchThemeDemo' LIMIT 1 [ RunTime:0.102000s ]
[ sql ] [ SQL ] SELECT `config` FROM `cmf_plugin` WHERE  `name` = 'Wxapp' LIMIT 1 [ RunTime:0.103000s ]
